2026-02-12 11:58:14,133 INFO    MainThread:1180 [wandb_setup.py:_flush():81] Current SDK version is 0.24.0
2026-02-12 11:58:14,133 INFO    MainThread:1180 [wandb_setup.py:_flush():81] Configure stats pid to 1180
2026-02-12 11:58:14,133 INFO    MainThread:1180 [wandb_setup.py:_flush():81] Loading settings from environment variables
2026-02-12 11:58:14,133 INFO    MainThread:1180 [wandb_init.py:setup_run_log_directory():717] Logging user logs to D:\document\python\neural operators\wandb\run-20260212_115814-4si6y57t\logs\debug.log
2026-02-12 11:58:14,133 INFO    MainThread:1180 [wandb_init.py:setup_run_log_directory():718] Logging internal logs to D:\document\python\neural operators\wandb\run-20260212_115814-4si6y57t\logs\debug-internal.log
2026-02-12 11:58:14,134 INFO    MainThread:1180 [wandb_init.py:init():844] calling init triggers
2026-02-12 11:58:14,134 INFO    MainThread:1180 [wandb_init.py:init():849] wandb.init called with sweep_config: {}
config: {'_config_name': 'default', 'n_params_baseline': None, 'verbose': True, 'arch': 'fno', 'distributed': {'use_distributed': False, 'model_parallel_size': 1, 'seed': None}, 'model': {'model_arch': 'fno', 'lifting_channel_ratio': 2, 'projection_channel_ratio': 2, 'n_layers': 4, 'domain_padding': 0.0, 'norm': None, 'fno_skip': 'linear', 'implementation': 'factorized', 'use_channel_mlp': True, 'channel_mlp_expansion': 0.5, 'channel_mlp_dropout': 0, 'separable': False, 'factorization': None, 'rank': 1.0, 'fixed_rank_modes': False, 'stabilizer': None, 'data_channels': 1, 'out_channels': 1, 'n_modes': [16, 16], 'hidden_channels': 24}, 'opt': {'training_loss': ['equation', 'ic', 'l2'], 'testing_loss': 'l2', 'learning_rate': 0.0001, 'weight_decay': 0.0001, 'eval_interval': 1, 'mixed_precision': False, 'scheduler': 'ReduceLROnPlateau', 'scheduler_T_max': 500, 'scheduler_patience': 100, 'step_size': 60, 'gamma': 0.5, 'n_epochs': 100, 'loss_aggregator': 'relobralo'}, 'data': {'folder': 'neuralop/data/datasets/data/', 'batch_size': 16, 'n_train': 800, 'test_batch_sizes': [16], 'n_tests': [400], 'spatial_length': 16, 'temporal_length': 17, 'temporal_subsample': None, 'encode_input': False, 'encode_output': False, 'include_endpoint': [True, False]}, 'patching': {'levels': 0, 'padding': 0, 'stitching': False}, 'wandb': {'log': True, 'entity': None, 'project': None, 'name': 'default_fno_4_[16, 16]_24', 'group': None, 'sweep': False, 'log_output': True}, '_wandb': {}}
2026-02-12 11:58:14,134 INFO    MainThread:1180 [wandb_init.py:init():892] starting backend
2026-02-12 11:58:16,446 INFO    MainThread:1180 [wandb_init.py:init():895] sending inform_init request
2026-02-12 11:58:16,474 INFO    MainThread:1180 [wandb_init.py:init():903] backend started and connected
2026-02-12 11:58:16,476 INFO    MainThread:1180 [wandb_init.py:init():973] updated telemetry
2026-02-12 11:58:16,504 INFO    MainThread:1180 [wandb_init.py:init():997] communicating run to backend with 90.0 second timeout
2026-02-12 11:58:18,200 INFO    MainThread:1180 [wandb_init.py:init():1044] starting run threads in backend
2026-02-12 11:58:18,330 INFO    MainThread:1180 [wandb_run.py:_console_start():2529] atexit reg
2026-02-12 11:58:18,330 INFO    MainThread:1180 [wandb_run.py:_redirect():2377] redirect: wrap_raw
2026-02-12 11:58:18,330 INFO    MainThread:1180 [wandb_run.py:_redirect():2446] Wrapping output streams.
2026-02-12 11:58:18,330 INFO    MainThread:1180 [wandb_run.py:_redirect():2469] Redirects installed.
2026-02-12 11:58:18,333 INFO    MainThread:1180 [wandb_init.py:init():1084] run started, returning control to user process
2026-02-12 11:58:19,291 INFO    MainThread:1180 [wandb_watch.py:_watch():68] Watching
2026-02-12 11:58:28,045 ERROR   wandb-AsyncioManager-main:1180 [service_client.py:_forward_responses():77] Error reading server response.
Traceback (most recent call last):
  File "C:\Users\MR\AppData\Local\Programs\Python\Python312\Lib\asyncio\windows_events.py", line 462, in finish_socket_func
    return ov.getresult()
           ^^^^^^^^^^^^^^
OSError: [WinError 64] 指定的网络名不再可用。

During handling of the above exception, another exception occurred:

Traceback (most recent call last):
  File "C:\Users\MR\AppData\Local\Programs\Python\Python312\Lib\site-packages\wandb\sdk\lib\service\service_client.py", line 73, in _forward_responses
    while response := await self._read_server_response():
                      ^^^^^^^^^^^^^^^^^^^^^^^^^^^^^^^^^^
  File "C:\Users\MR\AppData\Local\Programs\Python\Python312\Lib\site-packages\wandb\sdk\lib\service\service_client.py", line 87, in _read_server_response
    header = await self._reader.readexactly(_HEADER_BYTE_INT_LEN)
             ^^^^^^^^^^^^^^^^^^^^^^^^^^^^^^^^^^^^^^^^^^^^^^^^^^^^
  File "C:\Users\MR\AppData\Local\Programs\Python\Python312\Lib\asyncio\streams.py", line 752, in readexactly
    await self._wait_for_data('readexactly')
  File "C:\Users\MR\AppData\Local\Programs\Python\Python312\Lib\asyncio\streams.py", line 545, in _wait_for_data
    await self._waiter
  File "C:\Users\MR\AppData\Local\Programs\Python\Python312\Lib\asyncio\proactor_events.py", line 286, in _loop_reading
    length = fut.result()
             ^^^^^^^^^^^^
  File "C:\Users\MR\AppData\Local\Programs\Python\Python312\Lib\asyncio\windows_events.py", line 803, in _poll
    value = callback(transferred, key, ov)
            ^^^^^^^^^^^^^^^^^^^^^^^^^^^^^^
  File "C:\Users\MR\AppData\Local\Programs\Python\Python312\Lib\asyncio\windows_events.py", line 466, in finish_socket_func
    raise ConnectionResetError(*exc.args)
ConnectionResetError: [WinError 64] 指定的网络名不再可用。
2026-02-12 11:58:28,108 INFO    wandb-AsyncioManager-main:1180 [mailbox.py:close():137] Closing mailbox, abandoning 1 handles.
