##### 训练配置 ######
{'_config_name': 'default', 'n_params_baseline': None, 'verbose': True, 'arch': 'rno', 'distributed': {'use_distributed': False, 'model_parallel_size': 1, 'seed': None}, 'model': {'model_arch': 'rno', 'data_channels': 1, 'out_channels': 1, 'n_modes': [8], 'hidden_channels': 32, 'n_layers': 2, 'rno_skip': False}, 'opt': {'n_epochs': 10000, 'training_loss': 'l2', 'testing_loss': 'l2', 'learning_rate': 0.001, 'weight_decay': 0.0, 'eval_interval': 1, 'mixed_precision': False, 'scheduler': 'StepLR', 'scheduler_patience': 100, 'step_size': 60, 'gamma': 0.5}, 'data': {'folder': 'dataset', 'batch_size': 16, 'n_train': 800, 'test_batch_sizes': [16], 'n_tests': [400], 'spatial_length': 16, 'temporal_length': 17, 'temporal_subsample': None, 'encode_input': False, 'encode_output': False, 'include_endpoint': [True, False]}, 'patching': {'levels': 0, 'padding': 0, 'stitching': False}, 'wandb': {'log': True, 'entity': None, 'project': None, 'name': None, 'group': None, 'sweep': False, 'log_output': True}}
Loading test db for resolution 16 with 400 samples
Traceback (most recent call last):
  File "C:\Users\MR\AppData\Local\Programs\Python\Python312\Lib\site-packages\neuralop\models\base_model.py", line 234, in get_model
    return BaseModel._models[arch](**model_config)
           ~~~~~~~~~~~~~~~~~^^^^^^
KeyError: 'rno'

During handling of the above exception, another exception occurred:

Traceback (most recent call last):
  File "d:\document\python\neural operators\scripts\train_burgers_rno.py", line 353, in <module>
    main()
  File "d:\document\python\neural operators\scripts\train_burgers_rno.py", line 255, in main
    core_model = get_model(config)  # 根据配置构建核心RNO模型
                 ^^^^^^^^^^^^^^^^^
  File "C:\Users\MR\AppData\Local\Programs\Python\Python312\Lib\site-packages\neuralop\models\base_model.py", line 236, in get_model
    raise ValueError(f"Got config.arch={arch}, expected one of {available_models()}.")
ValueError: Got config.arch=rno, expected one of ['fno', 'tfno', 'sfno', 'localno', 'uqno', 'fnogno', 'gino'].
